<?xml version="1.0" encoding="UTF-8"?>
<!-- Generated by org.testng.reporters.JUnitXMLReporter -->
<testsuite hostname="LAPTOP-44Q8L2A1" failures="0" tests="2" name="Command line test" time="0.226" errors="0" timestamp="10 Aug 2020 18:42:03 GMT">
  <testcase classname="aplicacao.CompraTest" name="testSomeMethod on testSomeMethod(aplicacao.CompraTest)" time="0.036"/>
  <testcase classname="TestCompra.TestCompra" name="teste on teste(TestCompra.TestCompra)" time="0.001"/>
</testsuite> <!-- Command line test -->
