<?xml version="1.0" encoding="UTF-8"?>
<testng-results total="2" passed="2" failed="0" skipped="0">
  <reporter-output>
  </reporter-output>
  <suite started-at="2020-08-10T18:42:02Z" name="Command line suite" finished-at="2020-08-10T18:42:03Z" duration-ms="226">
    <groups>
    </groups>
    <test started-at="2020-08-10T18:42:02Z" name="Command line test" finished-at="2020-08-10T18:42:03Z" duration-ms="226">
      <class name="TestCompra.TestCompra">
        <test-method signature="teste()[pri:0, instance:teste(TestCompra.TestCompra)]" started-at="2020-08-10T15:42:03Z" name="teste" finished-at="2020-08-10T15:42:03Z" duration-ms="1" status="PASS">
          <reporter-output>
          </reporter-output>
        </test-method> <!-- teste -->
      </class> <!-- TestCompra.TestCompra -->
      <class name="aplicacao.CompraTest">
        <test-method signature="testSomeMethod()[pri:0, instance:testSomeMethod(aplicacao.CompraTest)]" started-at="2020-08-10T15:42:03Z" name="testSomeMethod" finished-at="2020-08-10T15:42:03Z" duration-ms="36" status="PASS">
          <reporter-output>
          </reporter-output>
        </test-method> <!-- testSomeMethod -->
      </class> <!-- aplicacao.CompraTest -->
    </test> <!-- Command line test -->
  </suite> <!-- Command line suite -->
</testng-results>
